Build started 03-01-2013 17:41:25.
     1>Project "K:\Development\GameQuiz\Build\GameQuiz\GameQuiz.vcxproj" on node 2 (build target(s)).
     1>InitializeBuildStatus:
         Touching "Debug\GameQuiz.unsuccessfulbuild".
       ClCompile:
         K:\Program Files\Microsoft Visual Studio 10.0\VC\bin\CL.exe /c /IK:\Development\ParabolaEngine\Library\Include /ZI /nologo /W3 /WX- /Od /Oy- /D WIN32 /D _DEBUG /D _CONSOLE /D _UNICODE /D UNICODE /Gm /EHsc /RTC1 /MDd /GS /fp:precise /Zc:wchar_t /Zc:forScope /Fo"Debug\\" /Fd"Debug\vc100.pdb" /Gd /TP /analyze- /errorReport:prompt ..\..\Source\Question.cpp
         Question.cpp
       ManifestResourceCompile:
         All outputs are up-to-date.
       Link:
         K:\Program Files\Microsoft Visual Studio 10.0\VC\bin\link.exe /ERRORREPORT:PROMPT /OUT:"K:\Development\GameQuiz\Build\GameQuiz\Debug\GameQuiz.exe" /INCREMENTAL /NOLOGO /LIBPATH:K:\Development\ParabolaEngine\Library\Externals\vs2010 /LIBPATH:K:\Development\ParabolaEngine\Library\Bin "ParabolaEngine-s-d.lib" "sfml-system-s-d.lib" "sfml-window-s-d.lib" "sfml-graphics-s-d.lib" "box2d-d.lib" "libsigcpp-d.lib" angelscriptd.lib "enet-d.lib" ws2_32.lib RocketCore_d.lib RocketControls_d.lib RocketDebugger_d.lib glu32.lib SPARK_debug.lib SPARK_GL_debug.lib kernel32.lib user32.lib gdi32.lib winspool.lib comdlg32.lib advapi32.lib shell32.lib ole32.lib oleaut32.lib uuid.lib odbc32.lib odbccp32.lib /MANIFEST /ManifestFile:"Debug\GameQuiz.exe.intermediate.manifest" /MANIFESTUAC:"level='asInvoker' uiAccess='false'" /DEBUG /PDB:"K:\Development\GameQuiz\Build\GameQuiz\Debug\GameQuiz.pdb" /SUBSYSTEM:CONSOLE /TLBID:1 /DYNAMICBASE /NXCOMPAT /IMPLIB:"K:\Development\GameQuiz\Build\GameQuiz\Debug\GameQuiz.lib" /MACHINE:X86 Debug\GameQuiz.exe.embed.manifest.res
         Debug\Globals.obj
         Debug\Main.obj
         Debug\Question.obj
         Debug\StateBasicSession.obj
         Debug\StateMainMenu.obj
            Creating library K:\Development\GameQuiz\Build\GameQuiz\Debug\GameQuiz.lib and object K:\Development\GameQuiz\Build\GameQuiz\Debug\GameQuiz.exp
     1>LINK : warning LNK4098: defaultlib 'LIBCMT' conflicts with use of other libs; use /NODEFAULTLIB:library
     1>ParabolaEngine-s-d.lib(ASAddonArray.obj) : warning LNK4204: 'K:\Development\GameQuiz\Build\GameQuiz\Debug\vc100.pdb' is missing debugging information for referencing module; linking object as if no debug info
     1>ParabolaEngine-s-d.lib(ASAddonBuilder.obj) : warning LNK4204: 'K:\Development\GameQuiz\Build\GameQuiz\Debug\vc100.pdb' is missing debugging information for referencing module; linking object as if no debug info
     1>ParabolaEngine-s-d.lib(ASAddonFile.obj) : warning LNK4204: 'K:\Development\GameQuiz\Build\GameQuiz\Debug\vc100.pdb' is missing debugging information for referencing module; linking object as if no debug info
     1>ParabolaEngine-s-d.lib(ASAddonMath.obj) : warning LNK4204: 'K:\Development\GameQuiz\Build\GameQuiz\Debug\vc100.pdb' is missing debugging information for referencing module; linking object as if no debug info
     1>ParabolaEngine-s-d.lib(ASAddonString.obj) : warning LNK4204: 'K:\Development\GameQuiz\Build\GameQuiz\Debug\vc100.pdb' is missing debugging information for referencing module; linking object as if no debug info
     1>ParabolaEngine-s-d.lib(ASAddonStringUtils.obj) : warning LNK4204: 'K:\Development\GameQuiz\Build\GameQuiz\Debug\vc100.pdb' is missing debugging information for referencing module; linking object as if no debug info
     1>ParabolaEngine-s-d.lib(FileInterface.obj) : warning LNK4204: 'K:\Development\GameQuiz\Build\GameQuiz\Debug\vc100.pdb' is missing debugging information for referencing module; linking object as if no debug info
     1>ParabolaEngine-s-d.lib(AnimationDimension.obj) : warning LNK4204: 'K:\Development\GameQuiz\Build\GameQuiz\Debug\vc100.pdb' is missing debugging information for referencing module; linking object as if no debug info
     1>ParabolaEngine-s-d.lib(AnimationEasing.obj) : warning LNK4204: 'K:\Development\GameQuiz\Build\GameQuiz\Debug\vc100.pdb' is missing debugging information for referencing module; linking object as if no debug info
     1>ParabolaEngine-s-d.lib(AnimationFactory.obj) : warning LNK4204: 'K:\Development\GameQuiz\Build\GameQuiz\Debug\vc100.pdb' is missing debugging information for referencing module; linking object as if no debug info
     1>ParabolaEngine-s-d.lib(AnimationInterface.obj) : warning LNK4204: 'K:\Development\GameQuiz\Build\GameQuiz\Debug\vc100.pdb' is missing debugging information for referencing module; linking object as if no debug info
     1>ParabolaEngine-s-d.lib(AnimationPosition.obj) : warning LNK4204: 'K:\Development\GameQuiz\Build\GameQuiz\Debug\vc100.pdb' is missing debugging information for referencing module; linking object as if no debug info
     1>ParabolaEngine-s-d.lib(AnimationSprite.obj) : warning LNK4204: 'K:\Development\GameQuiz\Build\GameQuiz\Debug\vc100.pdb' is missing debugging information for referencing module; linking object as if no debug info
     1>ParabolaEngine-s-d.lib(AnimationTextWriter.obj) : warning LNK4204: 'K:\Development\GameQuiz\Build\GameQuiz\Debug\vc100.pdb' is missing debugging information for referencing module; linking object as if no debug info
     1>ParabolaEngine-s-d.lib(Application.obj) : warning LNK4204: 'K:\Development\GameQuiz\Build\GameQuiz\Debug\vc100.pdb' is missing debugging information for referencing module; linking object as if no debug info
     1>ParabolaEngine-s-d.lib(ASAnimation.obj) : warning LNK4204: 'K:\Development\GameQuiz\Build\GameQuiz\Debug\vc100.pdb' is missing debugging information for referencing module; linking object as if no debug info
     1>ParabolaEngine-s-d.lib(ASConstructs.obj) : warning LNK4204: 'K:\Development\GameQuiz\Build\GameQuiz\Debug\vc100.pdb' is missing debugging information for referencing module; linking object as if no debug info
     1>ParabolaEngine-s-d.lib(ASEngine.obj) : warning LNK4204: 'K:\Development\GameQuiz\Build\GameQuiz\Debug\vc100.pdb' is missing debugging information for referencing module; linking object as if no debug info
     1>ParabolaEngine-s-d.lib(ASGraphics.obj) : warning LNK4204: 'K:\Development\GameQuiz\Build\GameQuiz\Debug\vc100.pdb' is missing debugging information for referencing module; linking object as if no debug info
     1>ParabolaEngine-s-d.lib(ASScript.obj) : warning LNK4204: 'K:\Development\GameQuiz\Build\GameQuiz\Debug\vc100.pdb' is missing debugging information for referencing module; linking object as if no debug info
     1>ParabolaEngine-s-d.lib(Clock.obj) : warning LNK4204: 'K:\Development\GameQuiz\Build\GameQuiz\Debug\vc100.pdb' is missing debugging information for referencing module; linking object as if no debug info
     1>ParabolaEngine-s-d.lib(Color.obj) : warning LNK4204: 'K:\Development\GameQuiz\Build\GameQuiz\Debug\vc100.pdb' is missing debugging information for referencing module; linking object as if no debug info
     1>ParabolaEngine-s-d.lib(Engine.obj) : warning LNK4204: 'K:\Development\GameQuiz\Build\GameQuiz\Debug\vc100.pdb' is missing debugging information for referencing module; linking object as if no debug info
     1>ParabolaEngine-s-d.lib(FileSystem.obj) : warning LNK4204: 'K:\Development\GameQuiz\Build\GameQuiz\Debug\vc100.pdb' is missing debugging information for referencing module; linking object as if no debug info
     1>ParabolaEngine-s-d.lib(GameCore.obj) : warning LNK4204: 'K:\Development\GameQuiz\Build\GameQuiz\Debug\vc100.pdb' is missing debugging information for referencing module; linking object as if no debug info
     1>ParabolaEngine-s-d.lib(GameCoreManager.obj) : warning LNK4204: 'K:\Development\GameQuiz\Build\GameQuiz\Debug\vc100.pdb' is missing debugging information for referencing module; linking object as if no debug info
     1>ParabolaEngine-s-d.lib(Math.obj) : warning LNK4204: 'K:\Development\GameQuiz\Build\GameQuiz\Debug\vc100.pdb' is missing debugging information for referencing module; linking object as if no debug info
     1>ParabolaEngine-s-d.lib(ReferenceCountable.obj) : warning LNK4204: 'K:\Development\GameQuiz\Build\GameQuiz\Debug\vc100.pdb' is missing debugging information for referencing module; linking object as if no debug info
     1>ParabolaEngine-s-d.lib(Renderer.obj) : warning LNK4204: 'K:\Development\GameQuiz\Build\GameQuiz\Debug\vc100.pdb' is missing debugging information for referencing module; linking object as if no debug info
     1>ParabolaEngine-s-d.lib(RendererOpenGL.obj) : warning LNK4204: 'K:\Development\GameQuiz\Build\GameQuiz\Debug\vc100.pdb' is missing debugging information for referencing module; linking object as if no debug info
     1>ParabolaEngine-s-d.lib(RocketContext.obj) : warning LNK4204: 'K:\Development\GameQuiz\Build\GameQuiz\Debug\vc100.pdb' is missing debugging information for referencing module; linking object as if no debug info
     1>ParabolaEngine-s-d.lib(RocketDocument.obj) : warning LNK4204: 'K:\Development\GameQuiz\Build\GameQuiz\Debug\vc100.pdb' is missing debugging information for referencing module; linking object as if no debug info
     1>ParabolaEngine-s-d.lib(RocketEventInterface.obj) : warning LNK4204: 'K:\Development\GameQuiz\Build\GameQuiz\Debug\vc100.pdb' is missing debugging information for referencing module; linking object as if no debug info
     1>ParabolaEngine-s-d.lib(RocketFileInterface.obj) : warning LNK4204: 'K:\Development\GameQuiz\Build\GameQuiz\Debug\vc100.pdb' is missing debugging information for referencing module; linking object as if no debug info
     1>ParabolaEngine-s-d.lib(RocketPlugin.obj) : warning LNK4204: 'K:\Development\GameQuiz\Build\GameQuiz\Debug\vc100.pdb' is missing debugging information for referencing module; linking object as if no debug info
     1>ParabolaEngine-s-d.lib(RocketRenderInterface.obj) : warning LNK4204: 'K:\Development\GameQuiz\Build\GameQuiz\Debug\vc100.pdb' is missing debugging information for referencing module; linking object as if no debug info
     1>ParabolaEngine-s-d.lib(RocketSystemInterface.obj) : warning LNK4204: 'K:\Development\GameQuiz\Build\GameQuiz\Debug\vc100.pdb' is missing debugging information for referencing module; linking object as if no debug info
     1>ParabolaEngine-s-d.lib(ScopedFile.obj) : warning LNK4204: 'K:\Development\GameQuiz\Build\GameQuiz\Debug\vc100.pdb' is missing debugging information for referencing module; linking object as if no debug info
     1>ParabolaEngine-s-d.lib(Sprite.obj) : warning LNK4204: 'K:\Development\GameQuiz\Build\GameQuiz\Debug\vc100.pdb' is missing debugging information for referencing module; linking object as if no debug info
     1>ParabolaEngine-s-d.lib(SpriteExt.obj) : warning LNK4204: 'K:\Development\GameQuiz\Build\GameQuiz\Debug\vc100.pdb' is missing debugging information for referencing module; linking object as if no debug info
     1>ParabolaEngine-s-d.lib(StateMachine.obj) : warning LNK4204: 'K:\Development\GameQuiz\Build\GameQuiz\Debug\vc100.pdb' is missing debugging information for referencing module; linking object as if no debug info
     1>ParabolaEngine-s-d.lib(StateMachineNode.obj) : warning LNK4204: 'K:\Development\GameQuiz\Build\GameQuiz\Debug\vc100.pdb' is missing debugging information for referencing module; linking object as if no debug info
     1>ParabolaEngine-s-d.lib(StringList.obj) : warning LNK4204: 'K:\Development\GameQuiz\Build\GameQuiz\Debug\vc100.pdb' is missing debugging information for referencing module; linking object as if no debug info
     1>ParabolaEngine-s-d.lib(Strings.obj) : warning LNK4204: 'K:\Development\GameQuiz\Build\GameQuiz\Debug\vc100.pdb' is missing debugging information for referencing module; linking object as if no debug info
     1>ParabolaEngine-s-d.lib(TextStream.obj) : warning LNK4204: 'K:\Development\GameQuiz\Build\GameQuiz\Debug\vc100.pdb' is missing debugging information for referencing module; linking object as if no debug info
     1>ParabolaEngine-s-d.lib(Textures.obj) : warning LNK4204: 'K:\Development\GameQuiz\Build\GameQuiz\Debug\vc100.pdb' is missing debugging information for referencing module; linking object as if no debug info
     1>ParabolaEngine-s-d.lib(Transform.obj) : warning LNK4204: 'K:\Development\GameQuiz\Build\GameQuiz\Debug\vc100.pdb' is missing debugging information for referencing module; linking object as if no debug info
     1>ParabolaEngine-s-d.lib(Transformable.obj) : warning LNK4204: 'K:\Development\GameQuiz\Build\GameQuiz\Debug\vc100.pdb' is missing debugging information for referencing module; linking object as if no debug info
     1>ParabolaEngine-s-d.lib(VertexArray.obj) : warning LNK4204: 'K:\Development\GameQuiz\Build\GameQuiz\Debug\vc100.pdb' is missing debugging information for referencing module; linking object as if no debug info
     1>ParabolaEngine-s-d.lib(Views.obj) : warning LNK4204: 'K:\Development\GameQuiz\Build\GameQuiz\Debug\vc100.pdb' is missing debugging information for referencing module; linking object as if no debug info
     1>ParabolaEngine-s-d.lib(Window.obj) : warning LNK4204: 'K:\Development\GameQuiz\Build\GameQuiz\Debug\vc100.pdb' is missing debugging information for referencing module; linking object as if no debug info
     1>libsigcpp-d.lib(signal_base.obj) : warning LNK4204: 'K:\Development\GameQuiz\Build\GameQuiz\Debug\vc100.pdb' is missing debugging information for referencing module; linking object as if no debug info
     1>libsigcpp-d.lib(slot_base.obj) : warning LNK4204: 'K:\Development\GameQuiz\Build\GameQuiz\Debug\vc100.pdb' is missing debugging information for referencing module; linking object as if no debug info
     1>libsigcpp-d.lib(trackable.obj) : warning LNK4204: 'K:\Development\GameQuiz\Build\GameQuiz\Debug\vc100.pdb' is missing debugging information for referencing module; linking object as if no debug info
     1>angelscriptd.lib(as_atomic.obj) : warning LNK4204: 'K:\Development\GameQuiz\Build\GameQuiz\Debug\vc100.pdb' is missing debugging information for referencing module; linking object as if no debug info
     1>angelscriptd.lib(as_builder.obj) : warning LNK4204: 'K:\Development\GameQuiz\Build\GameQuiz\Debug\vc100.pdb' is missing debugging information for referencing module; linking object as if no debug info
     1>angelscriptd.lib(as_bytecode.obj) : warning LNK4204: 'K:\Development\GameQuiz\Build\GameQuiz\Debug\vc100.pdb' is missing debugging information for referencing module; linking object as if no debug info
     1>angelscriptd.lib(as_callfunc.obj) : warning LNK4204: 'K:\Development\GameQuiz\Build\GameQuiz\Debug\vc100.pdb' is missing debugging information for referencing module; linking object as if no debug info
     1>angelscriptd.lib(as_callfunc_x86.obj) : warning LNK4204: 'K:\Development\GameQuiz\Build\GameQuiz\Debug\vc100.pdb' is missing debugging information for referencing module; linking object as if no debug info
     1>angelscriptd.lib(as_compiler.obj) : warning LNK4204: 'K:\Development\GameQuiz\Build\GameQuiz\Debug\vc100.pdb' is missing debugging information for referencing module; linking object as if no debug info
     1>angelscriptd.lib(as_configgroup.obj) : warning LNK4204: 'K:\Development\GameQuiz\Build\GameQuiz\Debug\vc100.pdb' is missing debugging information for referencing module; linking object as if no debug info
     1>angelscriptd.lib(as_context.obj) : warning LNK4204: 'K:\Development\GameQuiz\Build\GameQuiz\Debug\vc100.pdb' is missing debugging information for referencing module; linking object as if no debug info
     1>angelscriptd.lib(as_datatype.obj) : warning LNK4204: 'K:\Development\GameQuiz\Build\GameQuiz\Debug\vc100.pdb' is missing debugging information for referencing module; linking object as if no debug info
     1>angelscriptd.lib(as_gc.obj) : warning LNK4204: 'K:\Development\GameQuiz\Build\GameQuiz\Debug\vc100.pdb' is missing debugging information for referencing module; linking object as if no debug info
     1>angelscriptd.lib(as_generic.obj) : warning LNK4204: 'K:\Development\GameQuiz\Build\GameQuiz\Debug\vc100.pdb' is missing debugging information for referencing module; linking object as if no debug info
     1>angelscriptd.lib(as_globalproperty.obj) : warning LNK4204: 'K:\Development\GameQuiz\Build\GameQuiz\Debug\vc100.pdb' is missing debugging information for referencing module; linking object as if no debug info
     1>angelscriptd.lib(as_memory.obj) : warning LNK4204: 'K:\Development\GameQuiz\Build\GameQuiz\Debug\vc100.pdb' is missing debugging information for referencing module; linking object as if no debug info
     1>angelscriptd.lib(as_module.obj) : warning LNK4204: 'K:\Development\GameQuiz\Build\GameQuiz\Debug\vc100.pdb' is missing debugging information for referencing module; linking object as if no debug info
     1>angelscriptd.lib(as_objecttype.obj) : warning LNK4204: 'K:\Development\GameQuiz\Build\GameQuiz\Debug\vc100.pdb' is missing debugging information for referencing module; linking object as if no debug info
     1>angelscriptd.lib(as_outputbuffer.obj) : warning LNK4204: 'K:\Development\GameQuiz\Build\GameQuiz\Debug\vc100.pdb' is missing debugging information for referencing module; linking object as if no debug info
     1>angelscriptd.lib(as_parser.obj) : warning LNK4204: 'K:\Development\GameQuiz\Build\GameQuiz\Debug\vc100.pdb' is missing debugging information for referencing module; linking object as if no debug info
     1>angelscriptd.lib(as_restore.obj) : warning LNK4204: 'K:\Development\GameQuiz\Build\GameQuiz\Debug\vc100.pdb' is missing debugging information for referencing module; linking object as if no debug info
     1>angelscriptd.lib(as_scriptcode.obj) : warning LNK4204: 'K:\Development\GameQuiz\Build\GameQuiz\Debug\vc100.pdb' is missing debugging information for referencing module; linking object as if no debug info
     1>angelscriptd.lib(as_scriptengine.obj) : warning LNK4204: 'K:\Development\GameQuiz\Build\GameQuiz\Debug\vc100.pdb' is missing debugging information for referencing module; linking object as if no debug info
     1>angelscriptd.lib(as_scriptfunction.obj) : warning LNK4204: 'K:\Development\GameQuiz\Build\GameQuiz\Debug\vc100.pdb' is missing debugging information for referencing module; linking object as if no debug info
     1>angelscriptd.lib(as_scriptnode.obj) : warning LNK4204: 'K:\Development\GameQuiz\Build\GameQuiz\Debug\vc100.pdb' is missing debugging information for referencing module; linking object as if no debug info
     1>angelscriptd.lib(as_scriptobject.obj) : warning LNK4204: 'K:\Development\GameQuiz\Build\GameQuiz\Debug\vc100.pdb' is missing debugging information for referencing module; linking object as if no debug info
     1>angelscriptd.lib(as_string.obj) : warning LNK4204: 'K:\Development\GameQuiz\Build\GameQuiz\Debug\vc100.pdb' is missing debugging information for referencing module; linking object as if no debug info
     1>angelscriptd.lib(as_string_util.obj) : warning LNK4204: 'K:\Development\GameQuiz\Build\GameQuiz\Debug\vc100.pdb' is missing debugging information for referencing module; linking object as if no debug info
     1>angelscriptd.lib(as_thread.obj) : warning LNK4204: 'K:\Development\GameQuiz\Build\GameQuiz\Debug\vc100.pdb' is missing debugging information for referencing module; linking object as if no debug info
     1>angelscriptd.lib(as_tokenizer.obj) : warning LNK4204: 'K:\Development\GameQuiz\Build\GameQuiz\Debug\vc100.pdb' is missing debugging information for referencing module; linking object as if no debug info
     1>angelscriptd.lib(as_typeinfo.obj) : warning LNK4204: 'K:\Development\GameQuiz\Build\GameQuiz\Debug\vc100.pdb' is missing debugging information for referencing module; linking object as if no debug info
     1>angelscriptd.lib(as_variablescope.obj) : warning LNK4204: 'K:\Development\GameQuiz\Build\GameQuiz\Debug\vc100.pdb' is missing debugging information for referencing module; linking object as if no debug info
     1>RocketCore_d.lib(Texture.obj) : warning LNK4099: PDB 'vc80.pdb' was not found with 'RocketCore_d.lib(Texture.obj)' or at 'K:\Development\GameQuiz\Build\GameQuiz\Debug\vc80.pdb'; linking object as if no debug info
     1>RocketCore_d.lib(TextureDatabase.obj) : warning LNK4099: PDB 'vc80.pdb' was not found with 'RocketCore_d.lib(TextureDatabase.obj)' or at 'K:\Development\GameQuiz\Build\GameQuiz\Debug\vc80.pdb'; linking object as if no debug info
     1>RocketCore_d.lib(TextureResource.obj) : warning LNK4099: PDB 'vc80.pdb' was not found with 'RocketCore_d.lib(TextureResource.obj)' or at 'K:\Development\GameQuiz\Build\GameQuiz\Debug\vc80.pdb'; linking object as if no debug info
     1>RocketCore_d.lib(Box.obj) : warning LNK4099: PDB 'vc80.pdb' was not found with 'RocketCore_d.lib(Box.obj)' or at 'K:\Development\GameQuiz\Build\GameQuiz\Debug\vc80.pdb'; linking object as if no debug info
     1>RocketCore_d.lib(DocumentHeader.obj) : warning LNK4099: PDB 'vc80.pdb' was not found with 'RocketCore_d.lib(DocumentHeader.obj)' or at 'K:\Development\GameQuiz\Build\GameQuiz\Debug\vc80.pdb'; linking object as if no debug info
     1>RocketCore_d.lib(Element.obj) : warning LNK4099: PDB 'vc80.pdb' was not found with 'RocketCore_d.lib(Element.obj)' or at 'K:\Development\GameQuiz\Build\GameQuiz\Debug\vc80.pdb'; linking object as if no debug info
     1>RocketCore_d.lib(ElementBackground.obj) : warning LNK4099: PDB 'vc80.pdb' was not found with 'RocketCore_d.lib(ElementBackground.obj)' or at 'K:\Development\GameQuiz\Build\GameQuiz\Debug\vc80.pdb'; linking object as if no debug info
     1>RocketCore_d.lib(ElementBorder.obj) : warning LNK4099: PDB 'vc80.pdb' was not found with 'RocketCore_d.lib(ElementBorder.obj)' or at 'K:\Development\GameQuiz\Build\GameQuiz\Debug\vc80.pdb'; linking object as if no debug info
     1>RocketCore_d.lib(ElementDecoration.obj) : warning LNK4099: PDB 'vc80.pdb' was not found with 'RocketCore_d.lib(ElementDecoration.obj)' or at 'K:\Development\GameQuiz\Build\GameQuiz\Debug\vc80.pdb'; linking object as if no debug info
     1>RocketCore_d.lib(ElementReference.obj) : warning LNK4099: PDB 'vc80.pdb' was not found with 'RocketCore_d.lib(ElementReference.obj)' or at 'K:\Development\GameQuiz\Build\GameQuiz\Debug\vc80.pdb'; linking object as if no debug info
     1>RocketCore_d.lib(ElementScroll.obj) : warning LNK4099: PDB 'vc80.pdb' was not found with 'RocketCore_d.lib(ElementScroll.obj)' or at 'K:\Development\GameQuiz\Build\GameQuiz\Debug\vc80.pdb'; linking object as if no debug info
     1>RocketCore_d.lib(ElementStyle.obj) : warning LNK4099: PDB 'vc80.pdb' was not found with 'RocketCore_d.lib(ElementStyle.obj)' or at 'K:\Development\GameQuiz\Build\GameQuiz\Debug\vc80.pdb'; linking object as if no debug info
     1>RocketCore_d.lib(ElementUtilities.obj) : warning LNK4099: PDB 'vc80.pdb' was not found with 'RocketCore_d.lib(ElementUtilities.obj)' or at 'K:\Development\GameQuiz\Build\GameQuiz\Debug\vc80.pdb'; linking object as if no debug info
     1>RocketCore_d.lib(LayoutBlockBox.obj) : warning LNK4099: PDB 'vc80.pdb' was not found with 'RocketCore_d.lib(LayoutBlockBox.obj)' or at 'K:\Development\GameQuiz\Build\GameQuiz\Debug\vc80.pdb'; linking object as if no debug info
     1>RocketCore_d.lib(LayoutBlockBoxSpace.obj) : warning LNK4099: PDB 'vc80.pdb' was not found with 'RocketCore_d.lib(LayoutBlockBoxSpace.obj)' or at 'K:\Development\GameQuiz\Build\GameQuiz\Debug\vc80.pdb'; linking object as if no debug info
     1>RocketCore_d.lib(LayoutEngine.obj) : warning LNK4099: PDB 'vc80.pdb' was not found with 'RocketCore_d.lib(LayoutEngine.obj)' or at 'K:\Development\GameQuiz\Build\GameQuiz\Debug\vc80.pdb'; linking object as if no debug info
     1>RocketCore_d.lib(LayoutInlineBox.obj) : warning LNK4099: PDB 'vc80.pdb' was not found with 'RocketCore_d.lib(LayoutInlineBox.obj)' or at 'K:\Development\GameQuiz\Build\GameQuiz\Debug\vc80.pdb'; linking object as if no debug info
     1>RocketCore_d.lib(LayoutInlineBoxText.obj) : warning LNK4099: PDB 'vc80.pdb' was not found with 'RocketCore_d.lib(LayoutInlineBoxText.obj)' or at 'K:\Development\GameQuiz\Build\GameQuiz\Debug\vc80.pdb'; linking object as if no debug info
     1>RocketCore_d.lib(LayoutLineBox.obj) : warning LNK4099: PDB 'vc80.pdb' was not found with 'RocketCore_d.lib(LayoutLineBox.obj)' or at 'K:\Development\GameQuiz\Build\GameQuiz\Debug\vc80.pdb'; linking object as if no debug info
     1>RocketCore_d.lib(ElementInstancer.obj) : warning LNK4099: PDB 'vc80.pdb' was not found with 'RocketCore_d.lib(ElementInstancer.obj)' or at 'K:\Development\GameQuiz\Build\GameQuiz\Debug\vc80.pdb'; linking object as if no debug info
     1>RocketCore_d.lib(XMLNodeHandler.obj) : warning LNK4099: PDB 'vc80.pdb' was not found with 'RocketCore_d.lib(XMLNodeHandler.obj)' or at 'K:\Development\GameQuiz\Build\GameQuiz\Debug\vc80.pdb'; linking object as if no debug info
     1>RocketCore_d.lib(XMLNodeHandlerBody.obj) : warning LNK4099: PDB 'vc80.pdb' was not found with 'RocketCore_d.lib(XMLNodeHandlerBody.obj)' or at 'K:\Development\GameQuiz\Build\GameQuiz\Debug\vc80.pdb'; linking object as if no debug info
     1>RocketCore_d.lib(XMLNodeHandlerDefault.obj) : warning LNK4099: PDB 'vc80.pdb' was not found with 'RocketCore_d.lib(XMLNodeHandlerDefault.obj)' or at 'K:\Development\GameQuiz\Build\GameQuiz\Debug\vc80.pdb'; linking object as if no debug info
     1>RocketCore_d.lib(XMLNodeHandlerHead.obj) : warning LNK4099: PDB 'vc80.pdb' was not found with 'RocketCore_d.lib(XMLNodeHandlerHead.obj)' or at 'K:\Development\GameQuiz\Build\GameQuiz\Debug\vc80.pdb'; linking object as if no debug info
     1>RocketCore_d.lib(XMLNodeHandlerTemplate.obj) : warning LNK4099: PDB 'vc80.pdb' was not found with 'RocketCore_d.lib(XMLNodeHandlerTemplate.obj)' or at 'K:\Development\GameQuiz\Build\GameQuiz\Debug\vc80.pdb'; linking object as if no debug info
     1>RocketCore_d.lib(XMLParser.obj) : warning LNK4099: PDB 'vc80.pdb' was not found with 'RocketCore_d.lib(XMLParser.obj)' or at 'K:\Development\GameQuiz\Build\GameQuiz\Debug\vc80.pdb'; linking object as if no debug info
     1>RocketCore_d.lib(XMLParseTools.obj) : warning LNK4099: PDB 'vc80.pdb' was not found with 'RocketCore_d.lib(XMLParseTools.obj)' or at 'K:\Development\GameQuiz\Build\GameQuiz\Debug\vc80.pdb'; linking object as if no debug info
     1>RocketCore_d.lib(ElementDefinition.obj) : warning LNK4099: PDB 'vc80.pdb' was not found with 'RocketCore_d.lib(ElementDefinition.obj)' or at 'K:\Development\GameQuiz\Build\GameQuiz\Debug\vc80.pdb'; linking object as if no debug info
     1>RocketCore_d.lib(ElementText.obj) : warning LNK4099: PDB 'vc80.pdb' was not found with 'RocketCore_d.lib(ElementText.obj)' or at 'K:\Development\GameQuiz\Build\GameQuiz\Debug\vc80.pdb'; linking object as if no debug info
     1>RocketCore_d.lib(ElementTextDefault.obj) : warning LNK4099: PDB 'vc80.pdb' was not found with 'RocketCore_d.lib(ElementTextDefault.obj)' or at 'K:\Development\GameQuiz\Build\GameQuiz\Debug\vc80.pdb'; linking object as if no debug info
     1>RocketCore_d.lib(ElementHandle.obj) : warning LNK4099: PDB 'vc80.pdb' was not found with 'RocketCore_d.lib(ElementHandle.obj)' or at 'K:\Development\GameQuiz\Build\GameQuiz\Debug\vc80.pdb'; linking object as if no debug info
     1>RocketCore_d.lib(WidgetSlider.obj) : warning LNK4099: PDB 'vc80.pdb' was not found with 'RocketCore_d.lib(WidgetSlider.obj)' or at 'K:\Development\GameQuiz\Build\GameQuiz\Debug\vc80.pdb'; linking object as if no debug info
     1>RocketCore_d.lib(WidgetSliderScroll.obj) : warning LNK4099: PDB 'vc80.pdb' was not found with 'RocketCore_d.lib(WidgetSliderScroll.obj)' or at 'K:\Development\GameQuiz\Build\GameQuiz\Debug\vc80.pdb'; linking object as if no debug info
     1>RocketCore_d.lib(ElementImage.obj) : warning LNK4099: PDB 'vc80.pdb' was not found with 'RocketCore_d.lib(ElementImage.obj)' or at 'K:\Development\GameQuiz\Build\GameQuiz\Debug\vc80.pdb'; linking object as if no debug info
     1>RocketCore_d.lib(ElementDocument.obj) : warning LNK4099: PDB 'vc80.pdb' was not found with 'RocketCore_d.lib(ElementDocument.obj)' or at 'K:\Development\GameQuiz\Build\GameQuiz\Debug\vc80.pdb'; linking object as if no debug info
     1>RocketCore_d.lib(Geometry.obj) : warning LNK4099: PDB 'vc80.pdb' was not found with 'RocketCore_d.lib(Geometry.obj)' or at 'K:\Development\GameQuiz\Build\GameQuiz\Debug\vc80.pdb'; linking object as if no debug info
     1>RocketCore_d.lib(GeometryDatabase.obj) : warning LNK4099: PDB 'vc80.pdb' was not found with 'RocketCore_d.lib(GeometryDatabase.obj)' or at 'K:\Development\GameQuiz\Build\GameQuiz\Debug\vc80.pdb'; linking object as if no debug info
     1>RocketCore_d.lib(GeometryUtilities.obj) : warning LNK4099: PDB 'vc80.pdb' was not found with 'RocketCore_d.lib(GeometryUtilities.obj)' or at 'K:\Development\GameQuiz\Build\GameQuiz\Debug\vc80.pdb'; linking object as if no debug info
     1>RocketCore_d.lib(Decorator.obj) : warning LNK4099: PDB 'vc80.pdb' was not found with 'RocketCore_d.lib(Decorator.obj)' or at 'K:\Development\GameQuiz\Build\GameQuiz\Debug\vc80.pdb'; linking object as if no debug info
     1>RocketCore_d.lib(DecoratorInstancer.obj) : warning LNK4099: PDB 'vc80.pdb' was not found with 'RocketCore_d.lib(DecoratorInstancer.obj)' or at 'K:\Development\GameQuiz\Build\GameQuiz\Debug\vc80.pdb'; linking object as if no debug info
     1>RocketCore_d.lib(DecoratorNone.obj) : warning LNK4099: PDB 'vc80.pdb' was not found with 'RocketCore_d.lib(DecoratorNone.obj)' or at 'K:\Development\GameQuiz\Build\GameQuiz\Debug\vc80.pdb'; linking object as if no debug info
     1>RocketCore_d.lib(DecoratorNoneInstancer.obj) : warning LNK4099: PDB 'vc80.pdb' was not found with 'RocketCore_d.lib(DecoratorNoneInstancer.obj)' or at 'K:\Development\GameQuiz\Build\GameQuiz\Debug\vc80.pdb'; linking object as if no debug info
     1>RocketCore_d.lib(DecoratorTiled.obj) : warning LNK4099: PDB 'vc80.pdb' was not found with 'RocketCore_d.lib(DecoratorTiled.obj)' or at 'K:\Development\GameQuiz\Build\GameQuiz\Debug\vc80.pdb'; linking object as if no debug info
     1>RocketCore_d.lib(DecoratorTiledInstancer.obj) : warning LNK4099: PDB 'vc80.pdb' was not found with 'RocketCore_d.lib(DecoratorTiledInstancer.obj)' or at 'K:\Development\GameQuiz\Build\GameQuiz\Debug\vc80.pdb'; linking object as if no debug info
     1>RocketCore_d.lib(DecoratorTiledHorizontal.obj) : warning LNK4099: PDB 'vc80.pdb' was not found with 'RocketCore_d.lib(DecoratorTiledHorizontal.obj)' or at 'K:\Development\GameQuiz\Build\GameQuiz\Debug\vc80.pdb'; linking object as if no debug info
     1>RocketCore_d.lib(DecoratorTiledHorizontalInstancer.obj) : warning LNK4099: PDB 'vc80.pdb' was not found with 'RocketCore_d.lib(DecoratorTiledHorizontalInstancer.obj)' or at 'K:\Development\GameQuiz\Build\GameQuiz\Debug\vc80.pdb'; linking object as if no debug info
     1>RocketCore_d.lib(DecoratorTiledBox.obj) : warning LNK4099: PDB 'vc80.pdb' was not found with 'RocketCore_d.lib(DecoratorTiledBox.obj)' or at 'K:\Development\GameQuiz\Build\GameQuiz\Debug\vc80.pdb'; linking object as if no debug info
     1>RocketCore_d.lib(DecoratorTiledBoxInstancer.obj) : warning LNK4099: PDB 'vc80.pdb' was not found with 'RocketCore_d.lib(DecoratorTiledBoxInstancer.obj)' or at 'K:\Development\GameQuiz\Build\GameQuiz\Debug\vc80.pdb'; linking object as if no debug info
     1>RocketCore_d.lib(DecoratorTiledImage.obj) : warning LNK4099: PDB 'vc80.pdb' was not found with 'RocketCore_d.lib(DecoratorTiledImage.obj)' or at 'K:\Development\GameQuiz\Build\GameQuiz\Debug\vc80.pdb'; linking object as if no debug info
     1>RocketCore_d.lib(DecoratorTiledImageInstancer.obj) : warning LNK4099: PDB 'vc80.pdb' was not found with 'RocketCore_d.lib(DecoratorTiledImageInstancer.obj)' or at 'K:\Development\GameQuiz\Build\GameQuiz\Debug\vc80.pdb'; linking object as if no debug info
     1>RocketCore_d.lib(DecoratorTiledVertical.obj) : warning LNK4099: PDB 'vc80.pdb' was not found with 'RocketCore_d.lib(DecoratorTiledVertical.obj)' or at 'K:\Development\GameQuiz\Build\GameQuiz\Debug\vc80.pdb'; linking object as if no debug info
     1>RocketCore_d.lib(DecoratorTiledVerticalInstancer.obj) : warning LNK4099: PDB 'vc80.pdb' was not found with 'RocketCore_d.lib(DecoratorTiledVerticalInstancer.obj)' or at 'K:\Development\GameQuiz\Build\GameQuiz\Debug\vc80.pdb'; linking object as if no debug info
     1>RocketCore_d.lib(StyleSheet.obj) : warning LNK4099: PDB 'vc80.pdb' was not found with 'RocketCore_d.lib(StyleSheet.obj)' or at 'K:\Development\GameQuiz\Build\GameQuiz\Debug\vc80.pdb'; linking object as if no debug info
     1>RocketCore_d.lib(StyleSheetFactory.obj) : warning LNK4099: PDB 'vc80.pdb' was not found with 'RocketCore_d.lib(StyleSheetFactory.obj)' or at 'K:\Development\GameQuiz\Build\GameQuiz\Debug\vc80.pdb'; linking object as if no debug info
     1>RocketCore_d.lib(StyleSheetNode.obj) : warning LNK4099: PDB 'vc80.pdb' was not found with 'RocketCore_d.lib(StyleSheetNode.obj)' or at 'K:\Development\GameQuiz\Build\GameQuiz\Debug\vc80.pdb'; linking object as if no debug info
     1>RocketCore_d.lib(StyleSheetParser.obj) : warning LNK4099: PDB 'vc80.pdb' was not found with 'RocketCore_d.lib(StyleSheetParser.obj)' or at 'K:\Development\GameQuiz\Build\GameQuiz\Debug\vc80.pdb'; linking object as if no debug info
     1>RocketCore_d.lib(StyleSheetSpecification.obj) : warning LNK4099: PDB 'vc80.pdb' was not found with 'RocketCore_d.lib(StyleSheetSpecification.obj)' or at 'K:\Development\GameQuiz\Build\GameQuiz\Debug\vc80.pdb'; linking object as if no debug info
     1>RocketCore_d.lib(Property.obj) : warning LNK4099: PDB 'vc80.pdb' was not found with 'RocketCore_d.lib(Property.obj)' or at 'K:\Development\GameQuiz\Build\GameQuiz\Debug\vc80.pdb'; linking object as if no debug info
     1>RocketCore_d.lib(PropertyDictionary.obj) : warning LNK4099: PDB 'vc80.pdb' was not found with 'RocketCore_d.lib(PropertyDictionary.obj)' or at 'K:\Development\GameQuiz\Build\GameQuiz\Debug\vc80.pdb'; linking object as if no debug info
     1>RocketCore_d.lib(PropertyDefinition.obj) : warning LNK4099: PDB 'vc80.pdb' was not found with 'RocketCore_d.lib(PropertyDefinition.obj)' or at 'K:\Development\GameQuiz\Build\GameQuiz\Debug\vc80.pdb'; linking object as if no debug info
     1>RocketCore_d.lib(PropertySpecification.obj) : warning LNK4099: PDB 'vc80.pdb' was not found with 'RocketCore_d.lib(PropertySpecification.obj)' or at 'K:\Development\GameQuiz\Build\GameQuiz\Debug\vc80.pdb'; linking object as if no debug info
     1>RocketCore_d.lib(PropertyParserColour.obj) : warning LNK4099: PDB 'vc80.pdb' was not found with 'RocketCore_d.lib(PropertyParserColour.obj)' or at 'K:\Development\GameQuiz\Build\GameQuiz\Debug\vc80.pdb'; linking object as if no debug info
     1>RocketCore_d.lib(PropertyParserKeyword.obj) : warning LNK4099: PDB 'vc80.pdb' was not found with 'RocketCore_d.lib(PropertyParserKeyword.obj)' or at 'K:\Development\GameQuiz\Build\GameQuiz\Debug\vc80.pdb'; linking object as if no debug info
     1>RocketCore_d.lib(PropertyParserNumber.obj) : warning LNK4099: PDB 'vc80.pdb' was not found with 'RocketCore_d.lib(PropertyParserNumber.obj)' or at 'K:\Development\GameQuiz\Build\GameQuiz\Debug\vc80.pdb'; linking object as if no debug info
     1>RocketCore_d.lib(PropertyParserString.obj) : warning LNK4099: PDB 'vc80.pdb' was not found with 'RocketCore_d.lib(PropertyParserString.obj)' or at 'K:\Development\GameQuiz\Build\GameQuiz\Debug\vc80.pdb'; linking object as if no debug info
     1>RocketCore_d.lib(StyleSheetNodeSelector.obj) : warning LNK4099: PDB 'vc80.pdb' was not found with 'RocketCore_d.lib(StyleSheetNodeSelector.obj)' or at 'K:\Development\GameQuiz\Build\GameQuiz\Debug\vc80.pdb'; linking object as if no debug info
     1>RocketCore_d.lib(StyleSheetNodeSelectorEmpty.obj) : warning LNK4099: PDB 'vc80.pdb' was not found with 'RocketCore_d.lib(StyleSheetNodeSelectorEmpty.obj)' or at 'K:\Development\GameQuiz\Build\GameQuiz\Debug\vc80.pdb'; linking object as if no debug info
     1>RocketCore_d.lib(StyleSheetNodeSelectorFirstChild.obj) : warning LNK4099: PDB 'vc80.pdb' was not found with 'RocketCore_d.lib(StyleSheetNodeSelectorFirstChild.obj)' or at 'K:\Development\GameQuiz\Build\GameQuiz\Debug\vc80.pdb'; linking object as if no debug info
     1>RocketCore_d.lib(StyleSheetNodeSelectorFirstOfType.obj) : warning LNK4099: PDB 'vc80.pdb' was not found with 'RocketCore_d.lib(StyleSheetNodeSelectorFirstOfType.obj)' or at 'K:\Development\GameQuiz\Build\GameQuiz\Debug\vc80.pdb'; linking object as if no debug info
     1>RocketCore_d.lib(StyleSheetNodeSelectorLastChild.obj) : warning LNK4099: PDB 'vc80.pdb' was not found with 'RocketCore_d.lib(StyleSheetNodeSelectorLastChild.obj)' or at 'K:\Development\GameQuiz\Build\GameQuiz\Debug\vc80.pdb'; linking object as if no debug info
     1>RocketCore_d.lib(StyleSheetNodeSelectorLastOfType.obj) : warning LNK4099: PDB 'vc80.pdb' was not found with 'RocketCore_d.lib(StyleSheetNodeSelectorLastOfType.obj)' or at 'K:\Development\GameQuiz\Build\GameQuiz\Debug\vc80.pdb'; linking object as if no debug info
     1>RocketCore_d.lib(StyleSheetNodeSelectorNthChild.obj) : warning LNK4099: PDB 'vc80.pdb' was not found with 'RocketCore_d.lib(StyleSheetNodeSelectorNthChild.obj)' or at 'K:\Development\GameQuiz\Build\GameQuiz\Debug\vc80.pdb'; linking object as if no debug info
     1>RocketCore_d.lib(StyleSheetNodeSelectorNthLastChild.obj) : warning LNK4099: PDB 'vc80.pdb' was not found with 'RocketCore_d.lib(StyleSheetNodeSelectorNthLastChild.obj)' or at 'K:\Development\GameQuiz\Build\GameQuiz\Debug\vc80.pdb'; linking object as if no debug info
     1>RocketCore_d.lib(StyleSheetNodeSelectorNthLastOfType.obj) : warning LNK4099: PDB 'vc80.pdb' was not found with 'RocketCore_d.lib(StyleSheetNodeSelectorNthLastOfType.obj)' or at 'K:\Development\GameQuiz\Build\GameQuiz\Debug\vc80.pdb'; linking object as if no debug info
     1>RocketCore_d.lib(StyleSheetNodeSelectorNthOfType.obj) : warning LNK4099: PDB 'vc80.pdb' was not found with 'RocketCore_d.lib(StyleSheetNodeSelectorNthOfType.obj)' or at 'K:\Development\GameQuiz\Build\GameQuiz\Debug\vc80.pdb'; linking object as if no debug info
     1>RocketCore_d.lib(StyleSheetNodeSelectorOnlyChild.obj) : warning LNK4099: PDB 'vc80.pdb' was not found with 'RocketCore_d.lib(StyleSheetNodeSelectorOnlyChild.obj)' or at 'K:\Development\GameQuiz\Build\GameQuiz\Debug\vc80.pdb'; linking object as if no debug info
     1>RocketCore_d.lib(StyleSheetNodeSelectorOnlyOfType.obj) : warning LNK4099: PDB 'vc80.pdb' was not found with 'RocketCore_d.lib(StyleSheetNodeSelectorOnlyOfType.obj)' or at 'K:\Development\GameQuiz\Build\GameQuiz\Debug\vc80.pdb'; linking object as if no debug info
     1>RocketCore_d.lib(Event.obj) : warning LNK4099: PDB 'vc80.pdb' was not found with 'RocketCore_d.lib(Event.obj)' or at 'K:\Development\GameQuiz\Build\GameQuiz\Debug\vc80.pdb'; linking object as if no debug info
     1>RocketCore_d.lib(EventDispatcher.obj) : warning LNK4099: PDB 'vc80.pdb' was not found with 'RocketCore_d.lib(EventDispatcher.obj)' or at 'K:\Development\GameQuiz\Build\GameQuiz\Debug\vc80.pdb'; linking object as if no debug info
     1>RocketCore_d.lib(EventInstancer.obj) : warning LNK4099: PDB 'vc80.pdb' was not found with 'RocketCore_d.lib(EventInstancer.obj)' or at 'K:\Development\GameQuiz\Build\GameQuiz\Debug\vc80.pdb'; linking object as if no debug info
     1>RocketCore_d.lib(EventInstancerDefault.obj) : warning LNK4099: PDB 'vc80.pdb' was not found with 'RocketCore_d.lib(EventInstancerDefault.obj)' or at 'K:\Development\GameQuiz\Build\GameQuiz\Debug\vc80.pdb'; linking object as if no debug info
     1>RocketCore_d.lib(EventListenerInstancer.obj) : warning LNK4099: PDB 'vc80.pdb' was not found with 'RocketCore_d.lib(EventListenerInstancer.obj)' or at 'K:\Development\GameQuiz\Build\GameQuiz\Debug\vc80.pdb'; linking object as if no debug info
     1>RocketCore_d.lib(FontDatabase.obj) : warning LNK4099: PDB 'vc80.pdb' was not found with 'RocketCore_d.lib(FontDatabase.obj)' or at 'K:\Development\GameQuiz\Build\GameQuiz\Debug\vc80.pdb'; linking object as if no debug info
     1>RocketCore_d.lib(FontFace.obj) : warning LNK4099: PDB 'vc80.pdb' was not found with 'RocketCore_d.lib(FontFace.obj)' or at 'K:\Development\GameQuiz\Build\GameQuiz\Debug\vc80.pdb'; linking object as if no debug info
     1>RocketCore_d.lib(FontFaceHandle.obj) : warning LNK4099: PDB 'vc80.pdb' was not found with 'RocketCore_d.lib(FontFaceHandle.obj)' or at 'K:\Development\GameQuiz\Build\GameQuiz\Debug\vc80.pdb'; linking object as if no debug info
     1>RocketCore_d.lib(FontFaceLayer.obj) : warning LNK4099: PDB 'vc80.pdb' was not found with 'RocketCore_d.lib(FontFaceLayer.obj)' or at 'K:\Development\GameQuiz\Build\GameQuiz\Debug\vc80.pdb'; linking object as if no debug info
     1>RocketCore_d.lib(FontFamily.obj) : warning LNK4099: PDB 'vc80.pdb' was not found with 'RocketCore_d.lib(FontFamily.obj)' or at 'K:\Development\GameQuiz\Build\GameQuiz\Debug\vc80.pdb'; linking object as if no debug info
     1>RocketCore_d.lib(UnicodeRange.obj) : warning LNK4099: PDB 'vc80.pdb' was not found with 'RocketCore_d.lib(UnicodeRange.obj)' or at 'K:\Development\GameQuiz\Build\GameQuiz\Debug\vc80.pdb'; linking object as if no debug info
     1>RocketCore_d.lib(TextureLayout.obj) : warning LNK4099: PDB 'vc80.pdb' was not found with 'RocketCore_d.lib(TextureLayout.obj)' or at 'K:\Development\GameQuiz\Build\GameQuiz\Debug\vc80.pdb'; linking object as if no debug info
     1>RocketCore_d.lib(TextureLayoutRectangle.obj) : warning LNK4099: PDB 'vc80.pdb' was not found with 'RocketCore_d.lib(TextureLayoutRectangle.obj)' or at 'K:\Development\GameQuiz\Build\GameQuiz\Debug\vc80.pdb'; linking object as if no debug info
     1>RocketCore_d.lib(TextureLayoutRow.obj) : warning LNK4099: PDB 'vc80.pdb' was not found with 'RocketCore_d.lib(TextureLayoutRow.obj)' or at 'K:\Development\GameQuiz\Build\GameQuiz\Debug\vc80.pdb'; linking object as if no debug info
     1>RocketCore_d.lib(TextureLayoutTexture.obj) : warning LNK4099: PDB 'vc80.pdb' was not found with 'RocketCore_d.lib(TextureLayoutTexture.obj)' or at 'K:\Development\GameQuiz\Build\GameQuiz\Debug\vc80.pdb'; linking object as if no debug info
     1>RocketCore_d.lib(FontEffect.obj) : warning LNK4099: PDB 'vc80.pdb' was not found with 'RocketCore_d.lib(FontEffect.obj)' or at 'K:\Development\GameQuiz\Build\GameQuiz\Debug\vc80.pdb'; linking object as if no debug info
     1>RocketCore_d.lib(FontEffectInstancer.obj) : warning LNK4099: PDB 'vc80.pdb' was not found with 'RocketCore_d.lib(FontEffectInstancer.obj)' or at 'K:\Development\GameQuiz\Build\GameQuiz\Debug\vc80.pdb'; linking object as if no debug info
     1>RocketCore_d.lib(FontEffectNone.obj) : warning LNK4099: PDB 'vc80.pdb' was not found with 'RocketCore_d.lib(FontEffectNone.obj)' or at 'K:\Development\GameQuiz\Build\GameQuiz\Debug\vc80.pdb'; linking object as if no debug info
     1>RocketCore_d.lib(FontEffectNoneInstancer.obj) : warning LNK4099: PDB 'vc80.pdb' was not found with 'RocketCore_d.lib(FontEffectNoneInstancer.obj)' or at 'K:\Development\GameQuiz\Build\GameQuiz\Debug\vc80.pdb'; linking object as if no debug info
     1>RocketCore_d.lib(FontEffectOutline.obj) : warning LNK4099: PDB 'vc80.pdb' was not found with 'RocketCore_d.lib(FontEffectOutline.obj)' or at 'K:\Development\GameQuiz\Build\GameQuiz\Debug\vc80.pdb'; linking object as if no debug info
     1>RocketCore_d.lib(FontEffectOutlineInstancer.obj) : warning LNK4099: PDB 'vc80.pdb' was not found with 'RocketCore_d.lib(FontEffectOutlineInstancer.obj)' or at 'K:\Development\GameQuiz\Build\GameQuiz\Debug\vc80.pdb'; linking object as if no debug info
     1>RocketCore_d.lib(FontEffectShadow.obj) : warning LNK4099: PDB 'vc80.pdb' was not found with 'RocketCore_d.lib(FontEffectShadow.obj)' or at 'K:\Development\GameQuiz\Build\GameQuiz\Debug\vc80.pdb'; linking object as if no debug info
     1>RocketCore_d.lib(FontEffectShadowInstancer.obj) : warning LNK4099: PDB 'vc80.pdb' was not found with 'RocketCore_d.lib(FontEffectShadowInstancer.obj)' or at 'K:\Development\GameQuiz\Build\GameQuiz\Debug\vc80.pdb'; linking object as if no debug info
     1>RocketCore_d.lib(ConvolutionFilter.obj) : warning LNK4099: PDB 'vc80.pdb' was not found with 'RocketCore_d.lib(ConvolutionFilter.obj)' or at 'K:\Development\GameQuiz\Build\GameQuiz\Debug\vc80.pdb'; linking object as if no debug info
     1>RocketCore_d.lib(Template.obj) : warning LNK4099: PDB 'vc80.pdb' was not found with 'RocketCore_d.lib(Template.obj)' or at 'K:\Development\GameQuiz\Build\GameQuiz\Debug\vc80.pdb'; linking object as if no debug info
     1>RocketCore_d.lib(TemplateCache.obj) : warning LNK4099: PDB 'vc80.pdb' was not found with 'RocketCore_d.lib(TemplateCache.obj)' or at 'K:\Development\GameQuiz\Build\GameQuiz\Debug\vc80.pdb'; linking object as if no debug info
     1>RocketCore_d.lib(Clock.obj) : warning LNK4099: PDB 'vc80.pdb' was not found with 'RocketCore_d.lib(Clock.obj)' or at 'K:\Development\GameQuiz\Build\GameQuiz\Debug\vc80.pdb'; linking object as if no debug info
     1>RocketCore_d.lib(Core.obj) : warning LNK4099: PDB 'vc80.pdb' was not found with 'RocketCore_d.lib(Core.obj)' or at 'K:\Development\GameQuiz\Build\GameQuiz\Debug\vc80.pdb'; linking object as if no debug info
     1>RocketCore_d.lib(Factory.obj) : warning LNK4099: PDB 'vc80.pdb' was not found with 'RocketCore_d.lib(Factory.obj)' or at 'K:\Development\GameQuiz\Build\GameQuiz\Debug\vc80.pdb'; linking object as if no debug info
     1>RocketCore_d.lib(Log.obj) : warning LNK4099: PDB 'vc80.pdb' was not found with 'RocketCore_d.lib(Log.obj)' or at 'K:\Development\GameQuiz\Build\GameQuiz\Debug\vc80.pdb'; linking object as if no debug info
     1>RocketCore_d.lib(Math.obj) : warning LNK4099: PDB 'vc80.pdb' was not found with 'RocketCore_d.lib(Math.obj)' or at 'K:\Development\GameQuiz\Build\GameQuiz\Debug\vc80.pdb'; linking object as if no debug info
     1>RocketCore_d.lib(RenderInterface.obj) : warning LNK4099: PDB 'vc80.pdb' was not found with 'RocketCore_d.lib(RenderInterface.obj)' or at 'K:\Development\GameQuiz\Build\GameQuiz\Debug\vc80.pdb'; linking object as if no debug info
     1>RocketCore_d.lib(FileInterface.obj) : warning LNK4099: PDB 'vc80.pdb' was not found with 'RocketCore_d.lib(FileInterface.obj)' or at 'K:\Development\GameQuiz\Build\GameQuiz\Debug\vc80.pdb'; linking object as if no debug info
     1>RocketCore_d.lib(FileInterfaceDefault.obj) : warning LNK4099: PDB 'vc80.pdb' was not found with 'RocketCore_d.lib(FileInterfaceDefault.obj)' or at 'K:\Development\GameQuiz\Build\GameQuiz\Debug\vc80.pdb'; linking object as if no debug info
     1>RocketCore_d.lib(StreamFile.obj) : warning LNK4099: PDB 'vc80.pdb' was not found with 'RocketCore_d.lib(StreamFile.obj)' or at 'K:\Development\GameQuiz\Build\GameQuiz\Debug\vc80.pdb'; linking object as if no debug info
     1>RocketCore_d.lib(SystemInterface.obj) : warning LNK4099: PDB 'vc80.pdb' was not found with 'RocketCore_d.lib(SystemInterface.obj)' or at 'K:\Development\GameQuiz\Build\GameQuiz\Debug\vc80.pdb'; linking object as if no debug info
     1>RocketCore_d.lib(String.obj) : warning LNK4099: PDB 'vc80.pdb' was not found with 'RocketCore_d.lib(String.obj)' or at 'K:\Development\GameQuiz\Build\GameQuiz\Debug\vc80.pdb'; linking object as if no debug info
     1>RocketCore_d.lib(Plugin.obj) : warning LNK4099: PDB 'vc80.pdb' was not found with 'RocketCore_d.lib(Plugin.obj)' or at 'K:\Development\GameQuiz\Build\GameQuiz\Debug\vc80.pdb'; linking object as if no debug info
     1>RocketCore_d.lib(PluginRegistry.obj) : warning LNK4099: PDB 'vc80.pdb' was not found with 'RocketCore_d.lib(PluginRegistry.obj)' or at 'K:\Development\GameQuiz\Build\GameQuiz\Debug\vc80.pdb'; linking object as if no debug info
     1>RocketCore_d.lib(BaseXMLParser.obj) : warning LNK4099: PDB 'vc80.pdb' was not found with 'RocketCore_d.lib(BaseXMLParser.obj)' or at 'K:\Development\GameQuiz\Build\GameQuiz\Debug\vc80.pdb'; linking object as if no debug info
     1>RocketCore_d.lib(Dictionary.obj) : warning LNK4099: PDB 'vc80.pdb' was not found with 'RocketCore_d.lib(Dictionary.obj)' or at 'K:\Development\GameQuiz\Build\GameQuiz\Debug\vc80.pdb'; linking object as if no debug info
     1>RocketCore_d.lib(ReferenceCountable.obj) : warning LNK4099: PDB 'vc80.pdb' was not found with 'RocketCore_d.lib(ReferenceCountable.obj)' or at 'K:\Development\GameQuiz\Build\GameQuiz\Debug\vc80.pdb'; linking object as if no debug info
     1>RocketCore_d.lib(Stream.obj) : warning LNK4099: PDB 'vc80.pdb' was not found with 'RocketCore_d.lib(Stream.obj)' or at 'K:\Development\GameQuiz\Build\GameQuiz\Debug\vc80.pdb'; linking object as if no debug info
     1>RocketCore_d.lib(StreamMemory.obj) : warning LNK4099: PDB 'vc80.pdb' was not found with 'RocketCore_d.lib(StreamMemory.obj)' or at 'K:\Development\GameQuiz\Build\GameQuiz\Debug\vc80.pdb'; linking object as if no debug info
     1>RocketCore_d.lib(StringUtilities.obj) : warning LNK4099: PDB 'vc80.pdb' was not found with 'RocketCore_d.lib(StringUtilities.obj)' or at 'K:\Development\GameQuiz\Build\GameQuiz\Debug\vc80.pdb'; linking object as if no debug info
     1>RocketCore_d.lib(URL.obj) : warning LNK4099: PDB 'vc80.pdb' was not found with 'RocketCore_d.lib(URL.obj)' or at 'K:\Development\GameQuiz\Build\GameQuiz\Debug\vc80.pdb'; linking object as if no debug info
     1>RocketCore_d.lib(Variant.obj) : warning LNK4099: PDB 'vc80.pdb' was not found with 'RocketCore_d.lib(Variant.obj)' or at 'K:\Development\GameQuiz\Build\GameQuiz\Debug\vc80.pdb'; linking object as if no debug info
     1>RocketCore_d.lib(WString.obj) : warning LNK4099: PDB 'vc80.pdb' was not found with 'RocketCore_d.lib(WString.obj)' or at 'K:\Development\GameQuiz\Build\GameQuiz\Debug\vc80.pdb'; linking object as if no debug info
     1>RocketCore_d.lib(Context.obj) : warning LNK4099: PDB 'vc80.pdb' was not found with 'RocketCore_d.lib(Context.obj)' or at 'K:\Development\GameQuiz\Build\GameQuiz\Debug\vc80.pdb'; linking object as if no debug info
     1>RocketCore_d.lib(ContextInstancer.obj) : warning LNK4099: PDB 'vc80.pdb' was not found with 'RocketCore_d.lib(ContextInstancer.obj)' or at 'K:\Development\GameQuiz\Build\GameQuiz\Debug\vc80.pdb'; linking object as if no debug info
     1>RocketCore_d.lib(ContextInstancerDefault.obj) : warning LNK4099: PDB 'vc80.pdb' was not found with 'RocketCore_d.lib(ContextInstancerDefault.obj)' or at 'K:\Development\GameQuiz\Build\GameQuiz\Debug\vc80.pdb'; linking object as if no debug info
     1>RocketCore_d.lib(StringCache.obj) : warning LNK4099: PDB 'vc80.pdb' was not found with 'RocketCore_d.lib(StringCache.obj)' or at 'K:\Development\GameQuiz\Build\GameQuiz\Debug\vc80.pdb'; linking object as if no debug info
     1>RocketControls_d.lib(Controls.obj) : warning LNK4099: PDB 'vc80.pdb' was not found with 'RocketControls_d.lib(Controls.obj)' or at 'K:\Development\GameQuiz\Build\GameQuiz\Debug\vc80.pdb'; linking object as if no debug info
     1>RocketControls_d.lib(ElementForm.obj) : warning LNK4099: PDB 'vc80.pdb' was not found with 'RocketControls_d.lib(ElementForm.obj)' or at 'K:\Development\GameQuiz\Build\GameQuiz\Debug\vc80.pdb'; linking object as if no debug info
     1>RocketControls_d.lib(ElementFormControl.obj) : warning LNK4099: PDB 'vc80.pdb' was not found with 'RocketControls_d.lib(ElementFormControl.obj)' or at 'K:\Development\GameQuiz\Build\GameQuiz\Debug\vc80.pdb'; linking object as if no debug info
     1>RocketControls_d.lib(ElementFormControlDataSelect.obj) : warning LNK4099: PDB 'vc80.pdb' was not found with 'RocketControls_d.lib(ElementFormControlDataSelect.obj)' or at 'K:\Development\GameQuiz\Build\GameQuiz\Debug\vc80.pdb'; linking object as if no debug info
     1>RocketControls_d.lib(ElementFormControlInput.obj) : warning LNK4099: PDB 'vc80.pdb' was not found with 'RocketControls_d.lib(ElementFormControlInput.obj)' or at 'K:\Development\GameQuiz\Build\GameQuiz\Debug\vc80.pdb'; linking object as if no debug info
     1>RocketControls_d.lib(ElementFormControlSelect.obj) : warning LNK4099: PDB 'vc80.pdb' was not found with 'RocketControls_d.lib(ElementFormControlSelect.obj)' or at 'K:\Development\GameQuiz\Build\GameQuiz\Debug\vc80.pdb'; linking object as if no debug info
     1>RocketControls_d.lib(ElementFormControlTextArea.obj) : warning LNK4099: PDB 'vc80.pdb' was not found with 'RocketControls_d.lib(ElementFormControlTextArea.obj)' or at 'K:\Development\GameQuiz\Build\GameQuiz\Debug\vc80.pdb'; linking object as if no debug info
     1>RocketControls_d.lib(SelectOption.obj) : warning LNK4099: PDB 'vc80.pdb' was not found with 'RocketControls_d.lib(SelectOption.obj)' or at 'K:\Development\GameQuiz\Build\GameQuiz\Debug\vc80.pdb'; linking object as if no debug info
     1>RocketControls_d.lib(ElementTextSelection.obj) : warning LNK4099: PDB 'vc80.pdb' was not found with 'RocketControls_d.lib(ElementTextSelection.obj)' or at 'K:\Development\GameQuiz\Build\GameQuiz\Debug\vc80.pdb'; linking object as if no debug info
     1>RocketControls_d.lib(WidgetDropDown.obj) : warning LNK4099: PDB 'vc80.pdb' was not found with 'RocketControls_d.lib(WidgetDropDown.obj)' or at 'K:\Development\GameQuiz\Build\GameQuiz\Debug\vc80.pdb'; linking object as if no debug info
     1>RocketControls_d.lib(WidgetSlider.obj) : warning LNK4099: PDB 'vc80.pdb' was not found with 'RocketControls_d.lib(WidgetSlider.obj)' or at 'K:\Development\GameQuiz\Build\GameQuiz\Debug\vc80.pdb'; linking object as if no debug info
     1>RocketControls_d.lib(WidgetSliderInput.obj) : warning LNK4099: PDB 'vc80.pdb' was not found with 'RocketControls_d.lib(WidgetSliderInput.obj)' or at 'K:\Development\GameQuiz\Build\GameQuiz\Debug\vc80.pdb'; linking object as if no debug info
     1>RocketControls_d.lib(WidgetTextInput.obj) : warning LNK4099: PDB 'vc80.pdb' was not found with 'RocketControls_d.lib(WidgetTextInput.obj)' or at 'K:\Development\GameQuiz\Build\GameQuiz\Debug\vc80.pdb'; linking object as if no debug info
     1>RocketControls_d.lib(WidgetTextInputMultiLine.obj) : warning LNK4099: PDB 'vc80.pdb' was not found with 'RocketControls_d.lib(WidgetTextInputMultiLine.obj)' or at 'K:\Development\GameQuiz\Build\GameQuiz\Debug\vc80.pdb'; linking object as if no debug info
     1>RocketControls_d.lib(WidgetTextInputSingleLine.obj) : warning LNK4099: PDB 'vc80.pdb' was not found with 'RocketControls_d.lib(WidgetTextInputSingleLine.obj)' or at 'K:\Development\GameQuiz\Build\GameQuiz\Debug\vc80.pdb'; linking object as if no debug info
     1>RocketControls_d.lib(WidgetTextInputSingleLinePassword.obj) : warning LNK4099: PDB 'vc80.pdb' was not found with 'RocketControls_d.lib(WidgetTextInputSingleLinePassword.obj)' or at 'K:\Development\GameQuiz\Build\GameQuiz\Debug\vc80.pdb'; linking object as if no debug info
     1>RocketControls_d.lib(InputType.obj) : warning LNK4099: PDB 'vc80.pdb' was not found with 'RocketControls_d.lib(InputType.obj)' or at 'K:\Development\GameQuiz\Build\GameQuiz\Debug\vc80.pdb'; linking object as if no debug info
     1>RocketControls_d.lib(InputTypeButton.obj) : warning LNK4099: PDB 'vc80.pdb' was not found with 'RocketControls_d.lib(InputTypeButton.obj)' or at 'K:\Development\GameQuiz\Build\GameQuiz\Debug\vc80.pdb'; linking object as if no debug info
     1>RocketControls_d.lib(InputTypeCheckbox.obj) : warning LNK4099: PDB 'vc80.pdb' was not found with 'RocketControls_d.lib(InputTypeCheckbox.obj)' or at 'K:\Development\GameQuiz\Build\GameQuiz\Debug\vc80.pdb'; linking object as if no debug info
     1>RocketControls_d.lib(InputTypeRadio.obj) : warning LNK4099: PDB 'vc80.pdb' was not found with 'RocketControls_d.lib(InputTypeRadio.obj)' or at 'K:\Development\GameQuiz\Build\GameQuiz\Debug\vc80.pdb'; linking object as if no debug info
     1>RocketControls_d.lib(InputTypeRange.obj) : warning LNK4099: PDB 'vc80.pdb' was not found with 'RocketControls_d.lib(InputTypeRange.obj)' or at 'K:\Development\GameQuiz\Build\GameQuiz\Debug\vc80.pdb'; linking object as if no debug info
     1>RocketControls_d.lib(InputTypeSubmit.obj) : warning LNK4099: PDB 'vc80.pdb' was not found with 'RocketControls_d.lib(InputTypeSubmit.obj)' or at 'K:\Development\GameQuiz\Build\GameQuiz\Debug\vc80.pdb'; linking object as if no debug info
     1>RocketControls_d.lib(InputTypeText.obj) : warning LNK4099: PDB 'vc80.pdb' was not found with 'RocketControls_d.lib(InputTypeText.obj)' or at 'K:\Development\GameQuiz\Build\GameQuiz\Debug\vc80.pdb'; linking object as if no debug info
     1>RocketControls_d.lib(XMLNodeHandlerTextArea.obj) : warning LNK4099: PDB 'vc80.pdb' was not found with 'RocketControls_d.lib(XMLNodeHandlerTextArea.obj)' or at 'K:\Development\GameQuiz\Build\GameQuiz\Debug\vc80.pdb'; linking object as if no debug info
     1>RocketControls_d.lib(Clipboard.obj) : warning LNK4099: PDB 'vc80.pdb' was not found with 'RocketControls_d.lib(Clipboard.obj)' or at 'K:\Development\GameQuiz\Build\GameQuiz\Debug\vc80.pdb'; linking object as if no debug info
     1>RocketControls_d.lib(ElementTabSet.obj) : warning LNK4099: PDB 'vc80.pdb' was not found with 'RocketControls_d.lib(ElementTabSet.obj)' or at 'K:\Development\GameQuiz\Build\GameQuiz\Debug\vc80.pdb'; linking object as if no debug info
     1>RocketControls_d.lib(XMLNodeHandlerTabSet.obj) : warning LNK4099: PDB 'vc80.pdb' was not found with 'RocketControls_d.lib(XMLNodeHandlerTabSet.obj)' or at 'K:\Development\GameQuiz\Build\GameQuiz\Debug\vc80.pdb'; linking object as if no debug info
     1>RocketControls_d.lib(ElementDataGrid.obj) : warning LNK4099: PDB 'vc80.pdb' was not found with 'RocketControls_d.lib(ElementDataGrid.obj)' or at 'K:\Development\GameQuiz\Build\GameQuiz\Debug\vc80.pdb'; linking object as if no debug info
     1>RocketControls_d.lib(ElementDataGridCell.obj) : warning LNK4099: PDB 'vc80.pdb' was not found with 'RocketControls_d.lib(ElementDataGridCell.obj)' or at 'K:\Development\GameQuiz\Build\GameQuiz\Debug\vc80.pdb'; linking object as if no debug info
     1>RocketControls_d.lib(ElementDataGridExpandButton.obj) : warning LNK4099: PDB 'vc80.pdb' was not found with 'RocketControls_d.lib(ElementDataGridExpandButton.obj)' or at 'K:\Development\GameQuiz\Build\GameQuiz\Debug\vc80.pdb'; linking object as if no debug info
     1>RocketControls_d.lib(ElementDataGridRow.obj) : warning LNK4099: PDB 'vc80.pdb' was not found with 'RocketControls_d.lib(ElementDataGridRow.obj)' or at 'K:\Development\GameQuiz\Build\GameQuiz\Debug\vc80.pdb'; linking object as if no debug info
     1>RocketControls_d.lib(XMLNodeHandlerDataGrid.obj) : warning LNK4099: PDB 'vc80.pdb' was not found with 'RocketControls_d.lib(XMLNodeHandlerDataGrid.obj)' or at 'K:\Development\GameQuiz\Build\GameQuiz\Debug\vc80.pdb'; linking object as if no debug info
     1>RocketControls_d.lib(DataFormatter.obj) : warning LNK4099: PDB 'vc80.pdb' was not found with 'RocketControls_d.lib(DataFormatter.obj)' or at 'K:\Development\GameQuiz\Build\GameQuiz\Debug\vc80.pdb'; linking object as if no debug info
     1>RocketControls_d.lib(DataQuery.obj) : warning LNK4099: PDB 'vc80.pdb' was not found with 'RocketControls_d.lib(DataQuery.obj)' or at 'K:\Development\GameQuiz\Build\GameQuiz\Debug\vc80.pdb'; linking object as if no debug info
     1>RocketControls_d.lib(DataSource.obj) : warning LNK4099: PDB 'vc80.pdb' was not found with 'RocketControls_d.lib(DataSource.obj)' or at 'K:\Development\GameQuiz\Build\GameQuiz\Debug\vc80.pdb'; linking object as if no debug info
     1>RocketControls_d.lib(DataSourceListener.obj) : warning LNK4099: PDB 'vc80.pdb' was not found with 'RocketControls_d.lib(DataSourceListener.obj)' or at 'K:\Development\GameQuiz\Build\GameQuiz\Debug\vc80.pdb'; linking object as if no debug info
       Manifest:
         K:\Program Files\Microsoft SDKs\Windows\v7.0A\bin\mt.exe /nologo /verbose /out:"Debug\GameQuiz.exe.embed.manifest" /manifest Debug\GameQuiz.exe.intermediate.manifest
         All outputs are up-to-date.
       LinkEmbedManifest:
         All outputs are up-to-date.
         GameQuiz.vcxproj -> K:\Development\GameQuiz\Build\GameQuiz\Debug\GameQuiz.exe
       FinalizeBuildStatus:
         Deleting file "Debug\GameQuiz.unsuccessfulbuild".
         Touching "Debug\GameQuiz.lastbuildstate".
     1>Done Building Project "K:\Development\GameQuiz\Build\GameQuiz\GameQuiz.vcxproj" (build target(s)).

Build succeeded.

Time Elapsed 00:00:18.16
